Сборка начата 24.12.2014 13:01:49.
     1>Проект "C:\Users\Макс\Documents\Visual Studio 2010\Projects\ExamplesCpp\ExamplesCpp\ExamplesCpp.vcxproj" в узле 2 (целевые объекты build).
     1>InitializeBuildStatus:
         Создание "Release\ExamplesCpp.unsuccessfulbuild", так как было задано "AlwaysCreate".
       ClCompile:
         C:\Program Files\Microsoft Visual Studio 10.0\VC\bin\CL.exe /c /Zi /nologo /W3 /WX- /O2 /Oi /Oy- /GL /D WIN32 /D NDEBUG /D _CONSOLE /D _UNICODE /D UNICODE /Gm- /EHsc /MD /GS /Gy /fp:precise /Zc:wchar_t /Zc:forScope /Fo"Release\\" /Fd"Release\vc100.pdb" /Gd /TP /analyze- /errorReport:prompt main.cpp
         main.cpp
       Link:
         C:\Program Files\Microsoft Visual Studio 10.0\VC\bin\link.exe /ERRORREPORT:PROMPT /OUT:"C:\Users\Макс\Documents\Visual Studio 2010\Projects\ExamplesCpp\Release\ExamplesCpp.exe" /INCREMENTAL:NO /NOLOGO kernel32.lib user32.lib gdi32.lib winspool.lib comdlg32.lib advapi32.lib shell32.lib ole32.lib oleaut32.lib uuid.lib odbc32.lib odbccp32.lib /MANIFEST /ManifestFile:"Release\ExamplesCpp.exe.intermediate.manifest" /MANIFESTUAC:"level='asInvoker' uiAccess='false'" /DEBUG /PDB:"C:\Users\Макс\Documents\Visual Studio 2010\Projects\ExamplesCpp\Release\ExamplesCpp.pdb" /SUBSYSTEM:CONSOLE /OPT:REF /OPT:ICF /LTCG /TLBID:1 /DYNAMICBASE /NXCOMPAT /IMPLIB:"C:\Users\Макс\Documents\Visual Studio 2010\Projects\ExamplesCpp\Release\ExamplesCpp.lib" /MACHINE:X86 Release\main.obj
         Создание кода
         Создание кода завершено
         ExamplesCpp.vcxproj -> C:\Users\Макс\Documents\Visual Studio 2010\Projects\ExamplesCpp\Release\ExamplesCpp.exe
       Manifest:
         C:\Program Files\Microsoft SDKs\Windows\v7.0A\bin\mt.exe /nologo /verbose /outputresource:"C:\Users\Макс\Documents\Visual Studio 2010\Projects\ExamplesCpp\Release\ExamplesCpp.exe;#1" /manifest Release\ExamplesCpp.exe.intermediate.manifest
       FinalizeBuildStatus:
         Файл "Release\ExamplesCpp.unsuccessfulbuild" удаляется.
         Обращение к "Release\ExamplesCpp.lastbuildstate".
     1>Построение проекта "C:\Users\Макс\Documents\Visual Studio 2010\Projects\ExamplesCpp\ExamplesCpp\ExamplesCpp.vcxproj" завершено (целевые объекты build).

Построение успешно завершено.

Затраченное время: 00:00:01.68
